SF:lib\blocs\bloc_provider.dart
DA:10,0
DA:14,0
DA:19,0
DA:20,0
DA:22,0
DA:23,0
DA:24,0
DA:25,0
DA:28,0
DA:32,0
DA:34,0
DA:35,0
DA:38,0
DA:40,0
LF:14
LH:0
end_of_record
SF:lib\blocs\dashbord_widgets_blocs\holiday_bloc.dart
DA:17,1
DA:18,4
DA:21,1
DA:22,1
DA:23,2
DA:26,3
DA:27,2
DA:33,1
DA:34,3
DA:35,3
DA:43,1
DA:45,0
DA:48,0
DA:49,0
DA:50,0
DA:52,0
DA:57,1
DA:60,1
DA:61,0
DA:63,1
DA:64,0
DA:66,1
DA:67,0
DA:69,1
DA:70,0
DA:72,1
DA:73,0
DA:75,1
DA:76,0
DA:78,1
DA:79,1
DA:81,1
DA:82,0
DA:84,1
DA:85,0
DA:87,1
DA:88,1
DA:90,1
DA:91,0
DA:93,1
DA:94,0
DA:96,1
DA:97,0
DA:99,1
DA:100,0
DA:102,1
DA:103,0
DA:105,1
DA:106,0
DA:108,1
DA:109,1
DA:111,1
DA:112,1
DA:115,0
LF:54
LH:34
end_of_record
SF:lib\models\extern_apis\holiday.dart
DA:20,1
DA:24,1
DA:25,1
DA:26,3
DA:29,1
DA:30,2
DA:31,2
DA:34,2
DA:35,2
DA:39,3
DA:55,0
DA:56,0
DA:59,0
DA:60,0
DA:61,0
DA:64,4
LF:16
LH:11
end_of_record
SF:lib\models\extern_apis\holiday.g.dart
DA:33,1
DA:36,1
DA:38,2
DA:41,2
DA:49,1
DA:52,1
DA:54,1
DA:55,1
DA:56,1
DA:57,1
DA:58,1
DA:60,1
DA:61,2
DA:64,1
DA:65,3
DA:72,1
DA:82,1
DA:85,1
DA:87,2
DA:90,2
DA:93,2
DA:95,2
DA:98,2
DA:100,2
DA:106,2
DA:109,2
DA:111,2
DA:112,2
DA:113,2
DA:114,2
DA:115,2
DA:117,2
DA:118,4
DA:121,2
DA:122,4
DA:125,2
DA:126,4
DA:129,2
DA:130,4
DA:133,2
DA:134,4
DA:137,2
DA:138,4
DA:144,2
DA:154,1
DA:155,3
DA:157,2
DA:158,1
DA:159,0
DA:161,1
DA:162,0
DA:166,0
DA:168,0
DA:170,0
DA:172,0
DA:174,0
DA:177,0
DA:178,0
DA:179,0
DA:182,0
DA:184,0
DA:187,0
DA:189,0
DA:190,0
DA:191,0
DA:192,0
DA:201,3
DA:202,3
DA:205,1
DA:206,3
DA:207,3
DA:209,1
DA:211,1
DA:212,1
DA:213,0
DA:214,0
DA:215,0
DA:220,1
DA:223,0
DA:225,1
DA:228,1
DA:230,1
DA:233,1
DA:237,1
DA:238,4
DA:243,0
DA:245,0
DA:246,0
DA:250,1
DA:269,2
DA:270,6
DA:272,3
DA:274,3
DA:275,3
DA:276,0
DA:278,3
DA:279,0
DA:281,3
DA:282,0
DA:284,3
DA:285,0
DA:287,3
DA:288,0
DA:290,3
DA:291,0
DA:295,0
DA:297,0
DA:299,0
DA:300,0
DA:302,1
DA:305,1
DA:306,3
DA:307,3
DA:308,3
DA:309,3
DA:310,3
DA:311,3
DA:314,1
DA:316,2
DA:317,1
DA:318,10
DA:319,2
DA:320,2
DA:321,2
DA:324,1
DA:326,2
DA:327,2
DA:328,2
DA:329,2
DA:330,2
DA:331,2
DA:332,2
DA:333,1
DA:341,9
DA:342,9
DA:345,9
DA:346,9
DA:349,9
DA:350,9
DA:353,9
DA:354,9
DA:357,9
DA:358,9
DA:361,9
DA:362,9
DA:364,3
DA:366,3
DA:367,3
DA:368,0
DA:369,0
DA:370,0
DA:371,0
DA:372,0
DA:373,0
DA:374,0
DA:379,3
DA:382,0
DA:384,3
DA:387,2
DA:389,2
DA:392,3
DA:394,3
DA:395,3
DA:396,3
DA:397,3
DA:398,3
DA:399,3
DA:400,3
DA:401,3
DA:402,3
LF:170
LH:128
end_of_record
SF:lib\models\user.dart
DA:44,4
DA:48,0
DA:51,0
DA:54,0
DA:56,0
DA:57,0
DA:63,0
DA:65,0
DA:66,0
DA:68,0
DA:69,0
DA:70,0
DA:72,0
DA:83,4
DA:89,0
DA:91,0
DA:93,0
DA:102,3
LF:18
LH:3
end_of_record
SF:lib\models\user.g.dart
DA:26,0
DA:28,0
DA:30,0
DA:32,0
DA:35,0
DA:55,0
DA:58,0
DA:60,0
DA:62,0
DA:65,0
DA:68,0
DA:70,0
DA:71,0
DA:74,0
DA:76,0
DA:77,0
DA:80,0
DA:82,0
DA:83,0
DA:86,0
DA:88,0
DA:89,0
DA:92,0
DA:94,0
DA:95,0
DA:98,0
DA:100,0
DA:101,0
DA:108,0
DA:111,0
DA:113,0
DA:114,0
DA:115,0
DA:116,0
DA:117,0
DA:119,0
DA:120,0
DA:123,0
DA:124,0
DA:128,0
DA:129,0
DA:132,0
DA:133,0
DA:136,0
DA:137,0
DA:141,0
DA:142,0
DA:145,0
DA:146,0
DA:149,0
DA:150,0
DA:153,0
DA:154,0
DA:160,0
DA:170,0
DA:173,0
DA:175,0
DA:178,0
DA:201,0
DA:202,0
DA:204,0
DA:214,0
DA:215,0
DA:216,0
DA:218,0
DA:219,0
DA:221,0
DA:222,0
DA:226,0
DA:228,0
DA:230,0
DA:231,0
DA:233,0
DA:236,0
DA:237,0
DA:238,0
DA:239,0
DA:240,0
DA:241,0
DA:242,0
DA:243,0
DA:244,0
DA:245,0
DA:248,0
DA:250,0
DA:251,0
DA:252,0
DA:253,0
DA:254,0
DA:255,0
DA:256,0
DA:257,0
DA:258,0
DA:259,0
DA:260,0
DA:261,0
DA:262,0
DA:263,0
DA:264,0
DA:265,0
DA:268,0
DA:270,0
DA:271,0
DA:272,0
DA:273,0
DA:274,0
DA:275,0
DA:276,0
DA:277,0
DA:278,0
DA:279,0
DA:280,0
DA:288,0
DA:289,0
DA:292,0
DA:293,0
DA:296,0
DA:297,0
DA:298,0
DA:301,0
DA:302,0
DA:303,0
DA:306,0
DA:307,0
DA:308,0
DA:311,0
DA:312,0
DA:315,0
DA:316,0
DA:319,0
DA:320,0
DA:323,0
DA:324,0
DA:326,0
DA:328,0
DA:329,0
DA:330,0
DA:331,0
DA:332,0
DA:333,0
DA:334,0
DA:335,0
DA:336,0
DA:337,0
DA:338,0
DA:339,0
DA:344,0
DA:347,0
DA:349,0
DA:352,0
DA:354,0
DA:357,0
DA:359,0
DA:360,0
DA:361,0
DA:362,0
DA:363,0
DA:364,0
DA:365,0
DA:366,0
DA:367,0
DA:368,0
DA:369,0
DA:370,0
LF:164
LH:0
end_of_record
SF:lib\util\holidays\api_cache_manager.dart
DA:10,1
DA:12,1
DA:15,1
DA:19,2
DA:20,2
DA:21,2
DA:24,2
DA:27,1
DA:29,3
DA:30,1
DA:31,2
DA:36,1
DA:38,2
DA:39,0
DA:40,0
DA:44,1
DA:46,3
DA:47,1
DA:48,2
DA:53,1
DA:55,2
DA:57,1
LF:22
LH:20
end_of_record
SF:lib\util\holidays\state.dart
DA:20,3
DA:22,1
DA:25,4
DA:28,0
DA:30,0
DA:37,0
DA:38,0
DA:43,0
DA:44,0
DA:49,0
DA:50,0
DA:55,0
DA:56,0
DA:61,0
DA:62,0
DA:67,0
DA:68,0
DA:73,1
DA:74,1
DA:79,0
DA:80,0
DA:85,0
DA:86,0
DA:91,3
DA:92,3
DA:97,0
DA:98,0
DA:103,0
DA:104,0
DA:109,0
DA:110,0
DA:115,0
DA:116,0
DA:121,0
DA:122,0
DA:127,0
DA:128,0
LF:37
LH:7
end_of_record
SF:lib\models\course.dart
DA:29,4
DA:32,0
DA:35,0
DA:36,0
DA:37,0
DA:39,0
DA:40,0
DA:41,0
DA:46,0
DA:47,0
DA:48,0
DA:49,0
DA:51,0
DA:53,0
DA:54,0
DA:55,0
DA:56,0
DA:57,0
DA:58,0
DA:59,0
DA:62,0
DA:63,0
DA:64,0
DA:65,0
DA:66,0
DA:67,0
DA:69,0
DA:70,0
DA:71,0
DA:72,0
DA:73,0
DA:74,0
DA:75,0
LF:33
LH:1
end_of_record
SF:lib\models\course.g.dart
DA:30,0
DA:33,0
DA:35,0
DA:37,0
DA:40,0
DA:43,0
DA:46,0
DA:49,0
DA:51,0
DA:52,0
DA:55,0
DA:57,0
DA:58,0
DA:65,0
DA:68,0
DA:70,0
DA:71,0
DA:72,0
DA:73,0
DA:74,0
DA:76,0
DA:77,0
DA:80,0
DA:81,0
DA:85,0
DA:86,0
DA:89,0
DA:90,0
DA:93,0
DA:94,0
DA:97,0
DA:98,0
DA:101,0
DA:102,0
DA:108,0
DA:128,0
DA:129,0
DA:131,0
DA:139,0
DA:140,0
DA:141,0
DA:143,0
DA:144,0
DA:146,0
DA:147,0
DA:149,0
DA:150,0
DA:152,0
DA:153,0
DA:157,0
DA:159,0
DA:161,0
DA:162,0
DA:164,0
DA:167,0
DA:168,0
DA:169,0
DA:170,0
DA:171,0
DA:172,0
DA:173,0
DA:174,0
DA:177,0
DA:179,0
DA:180,0
DA:181,0
DA:182,0
DA:183,0
DA:184,0
DA:185,0
DA:186,0
DA:187,0
DA:188,0
DA:191,0
DA:193,0
DA:194,0
DA:195,0
DA:196,0
DA:197,0
DA:198,0
DA:199,0
DA:200,0
DA:201,0
DA:209,0
DA:210,0
DA:213,0
DA:214,0
DA:217,0
DA:218,0
DA:221,0
DA:222,0
DA:225,0
DA:226,0
DA:229,0
DA:230,0
DA:233,0
DA:234,0
DA:236,0
DA:238,0
DA:239,0
DA:240,0
DA:241,0
DA:242,0
DA:243,0
DA:244,0
DA:245,0
DA:246,0
DA:247,0
DA:252,0
DA:255,0
DA:257,0
DA:260,0
DA:262,0
DA:265,0
DA:267,0
DA:268,0
DA:269,0
DA:270,0
DA:271,0
DA:272,0
DA:273,0
DA:274,0
DA:275,0
DA:276,0
LF:124
LH:0
end_of_record
SF:lib\util\api\course_api.dart
DA:79,0
DA:80,0
DA:81,0
DA:82,0
DA:83,0
DA:84,0
DA:85,0
DA:89,0
DA:91,0
DA:92,0
DA:105,0
DA:106,0
DA:107,0
DA:109,0
DA:110,0
DA:111,0
DA:112,0
DA:115,0
DA:117,0
DA:118,0
DA:119,0
DA:120,0
DA:123,0
DA:126,0
DA:127,0
DA:129,0
DA:130,0
DA:131,0
DA:132,0
DA:134,0
DA:136,0
DA:138,0
DA:140,0
DA:142,0
DA:148,0
DA:151,0
DA:157,0
DA:158,0
DA:160,0
DA:162,0
DA:163,0
DA:164,0
DA:168,0
DA:169,0
DA:170,0
DA:171,0
DA:172,0
DA:176,0
DA:177,0
DA:178,0
DA:179,0
DA:180,0
DA:181,0
DA:185,0
DA:187,0
DA:188,0
DA:192,0
DA:193,0
DA:195,0
DA:197,0
DA:198,0
DA:200,0
DA:201,0
DA:202,0
DA:203,0
DA:205,0
DA:206,0
DA:207,0
DA:208,0
DA:212,0
DA:214,0
DA:215,0
DA:227,0
DA:229,0
DA:230,0
DA:231,0
DA:233,0
DA:234,0
DA:235,0
DA:236,0
DA:237,0
DA:242,0
DA:243,0
DA:244,0
DA:245,0
DA:247,0
DA:248,0
DA:249,0
DA:250,0
DA:252,0
DA:253,0
DA:254,0
DA:255,0
DA:257,0
DA:259,0
DA:260,0
DA:261,0
DA:264,0
DA:265,0
DA:268,0
DA:269,0
DA:270,0
DA:271,0
DA:272,0
DA:275,0
DA:277,0
DA:278,0
DA:279,0
DA:282,0
DA:284,0
DA:285,0
DA:286,0
DA:287,0
DA:288,0
DA:291,0
DA:293,0
DA:294,0
DA:295,0
DA:296,0
DA:297,0
DA:298,0
DA:299,0
DA:301,0
DA:302,0
DA:303,0
DA:308,0
DA:309,0
DA:312,0
DA:313,0
DA:314,0
DA:317,0
DA:319,0
DA:320,0
DA:325,0
DA:326,0
DA:327,0
DA:328,0
DA:349,0
DA:351,0
DA:352,0
DA:355,0
DA:358,0
DA:366,0
DA:367,0
DA:368,0
DA:369,0
DA:371,0
DA:373,0
DA:374,0
DA:375,0
DA:376,0
DA:377,0
DA:379,0
DA:380,0
DA:381,0
DA:385,0
DA:386,0
DA:387,0
DA:388,0
DA:390,0
DA:393,0
DA:395,0
DA:396,0
DA:397,0
DA:398,0
DA:399,0
DA:401,0
DA:402,0
DA:403,0
DA:404,0
DA:406,0
DA:407,0
DA:408,0
DA:409,0
DA:410,0
DA:411,0
DA:412,0
DA:414,0
DA:416,0
DA:417,0
DA:419,0
DA:420,0
DA:421,0
DA:424,0
DA:426,0
DA:427,0
DA:438,0
DA:440,0
DA:441,0
DA:442,0
DA:443,0
DA:444,0
DA:445,0
DA:448,0
DA:450,0
DA:451,0
DA:452,0
DA:453,0
DA:456,0
DA:458,0
DA:459,0
DA:460,0
DA:461,0
DA:465,0
DA:467,0
DA:470,0
DA:471,0
DA:472,0
DA:475,0
DA:485,0
DA:490,0
DA:491,0
DA:495,0
DA:496,0
DA:498,0
DA:500,0
DA:501,0
DA:502,0
DA:503,0
DA:504,0
DA:508,0
LF:221
LH:0
end_of_record
SF:lib\util\random_string.dart
DA:3,0
DA:4,0
DA:5,0
DA:6,0
DA:9,0
LF:5
LH:0
end_of_record
SF:lib\models\course_joined_user.dart
DA:25,2
DA:26,2
DA:30,0
DA:34,2
DA:35,2
DA:43,6
DA:45,0
DA:46,0
DA:49,0
DA:52,0
DA:53,0
DA:56,0
DA:57,0
DA:58,0
LF:14
LH:5
end_of_record
SF:lib\models\course_joined_user.g.dart
DA:28,0
DA:30,0
DA:32,0
DA:34,0
DA:36,0
DA:38,0
DA:41,0
DA:66,0
DA:69,0
DA:71,0
DA:73,0
DA:76,0
DA:79,0
DA:81,0
DA:82,0
DA:85,0
DA:87,0
DA:88,0
DA:95,0
DA:98,0
DA:100,0
DA:101,0
DA:102,0
DA:103,0
DA:104,0
DA:106,0
DA:107,0
DA:110,0
DA:111,0
DA:115,0
DA:116,0
DA:119,0
DA:120,0
DA:123,0
DA:124,0
DA:131,0
DA:142,0
DA:145,0
DA:147,0
DA:150,0
DA:165,0
DA:166,0
DA:168,0
DA:174,0
DA:175,0
DA:176,0
DA:178,0
DA:179,0
DA:181,0
DA:182,0
DA:186,0
DA:188,0
DA:190,0
DA:192,0
DA:194,0
DA:197,0
DA:198,0
DA:199,0
DA:200,0
DA:201,0
DA:202,0
DA:205,0
DA:207,0
DA:208,0
DA:209,0
DA:210,0
DA:211,0
DA:212,0
DA:215,0
DA:217,0
DA:218,0
DA:219,0
DA:220,0
DA:221,0
DA:222,0
DA:223,0
DA:232,0
DA:233,0
DA:236,0
DA:237,0
DA:240,0
DA:241,0
DA:244,0
DA:245,0
DA:248,0
DA:249,0
DA:250,0
DA:252,0
DA:254,0
DA:255,0
DA:256,0
DA:257,0
DA:258,0
DA:259,0
DA:260,0
DA:261,0
DA:266,0
DA:269,0
DA:271,0
DA:274,0
DA:276,0
DA:279,0
DA:281,0
DA:282,0
DA:283,0
DA:284,0
DA:285,0
DA:286,0
DA:287,0
DA:288,0
LF:110
LH:0
end_of_record
SF:lib\models\course_segment.g.dart
DA:31,0
DA:34,0
DA:36,0
DA:38,0
DA:41,0
DA:44,0
DA:47,0
DA:49,0
DA:50,0
DA:53,0
DA:55,0
DA:56,0
DA:63,0
DA:66,0
DA:68,0
DA:69,0
DA:70,0
DA:71,0
DA:72,0
DA:74,0
DA:75,0
DA:78,0
DA:79,0
DA:83,0
DA:84,0
DA:87,0
DA:88,0
DA:91,0
DA:92,0
DA:95,0
DA:96,0
DA:102,0
DA:120,0
DA:121,0
DA:123,0
DA:130,0
DA:131,0
DA:132,0
DA:134,0
DA:135,0
DA:137,0
DA:138,0
DA:140,0
DA:141,0
DA:145,0
DA:147,0
DA:149,0
DA:150,0
DA:152,0
DA:155,0
DA:156,0
DA:157,0
DA:158,0
DA:159,0
DA:160,0
DA:161,0
DA:164,0
DA:166,0
DA:167,0
DA:168,0
DA:169,0
DA:170,0
DA:171,0
DA:172,0
DA:173,0
DA:176,0
DA:178,0
DA:179,0
DA:180,0
DA:181,0
DA:182,0
DA:183,0
DA:184,0
DA:185,0
DA:194,0
DA:195,0
DA:198,0
DA:199,0
DA:202,0
DA:203,0
DA:206,0
DA:207,0
DA:210,0
DA:211,0
DA:214,0
DA:215,0
DA:217,0
DA:219,0
DA:220,0
DA:221,0
DA:222,0
DA:223,0
DA:224,0
DA:225,0
DA:226,0
DA:227,0
DA:232,0
DA:235,0
DA:237,0
DA:240,0
DA:242,0
DA:245,0
DA:247,0
DA:248,0
DA:249,0
DA:250,0
DA:251,0
DA:252,0
DA:253,0
DA:254,0
DA:255,0
LF:111
LH:0
end_of_record
SF:lib\models\course_segment.dart
DA:26,4
DA:29,0
DA:32,0
DA:33,0
DA:34,0
DA:37,0
DA:38,0
DA:39,0
DA:48,0
DA:49,0
DA:50,0
DA:51,0
DA:52,0
DA:53,0
DA:54,0
LF:15
LH:1
end_of_record
SF:lib\models\datetime_serializer.dart
DA:14,0
DA:20,0
DA:34,1
DA:37,2
DA:40,2
DA:43,4
LF:6
LH:4
end_of_record
SF:lib\models\documentreference_serializer.dart
DA:17,0
DA:23,0
LF:2
LH:0
end_of_record
SF:lib\models\extern_apis\holiday_serializer.dart
DA:18,0
DA:21,0
DA:24,0
DA:27,0
DA:28,0
DA:29,0
DA:30,0
DA:31,0
DA:33,0
DA:34,0
DA:36,0
LF:11
LH:0
end_of_record
SF:lib\models\firestore_data.g.dart
DA:31,0
DA:34,0
DA:36,0
DA:39,0
DA:46,0
DA:49,0
DA:51,0
DA:52,0
DA:53,0
DA:54,0
DA:55,0
DA:57,0
DA:58,0
DA:61,0
DA:62,0
DA:69,0
DA:79,0
DA:80,0
DA:82,0
DA:83,0
DA:84,0
DA:86,0
DA:87,0
DA:91,0
DA:93,0
DA:95,0
DA:96,0
DA:98,0
DA:101,0
DA:102,0
DA:103,0
DA:106,0
DA:108,0
DA:111,0
DA:113,0
DA:114,0
DA:115,0
DA:116,0
DA:125,0
DA:126,0
DA:129,0
DA:130,0
DA:132,0
DA:134,0
DA:135,0
DA:136,0
DA:137,0
DA:138,0
DA:143,0
DA:146,0
DA:148,0
DA:151,0
DA:153,0
DA:156,0
DA:158,0
DA:159,0
DA:160,0
LF:57
LH:0
end_of_record
SF:lib\models\firestore_data.dart
DA:14,4
DA:17,0
LF:2
LH:1
end_of_record
SF:lib\models\homework.dart
DA:32,4
DA:35,0
DA:38,0
DA:40,0
DA:41,0
DA:43,0
DA:44,0
DA:45,0
DA:47,0
LF:9
LH:1
end_of_record
SF:lib\models\homework.g.dart
DA:30,0
DA:33,0
DA:35,0
DA:38,0
DA:41,0
DA:44,0
DA:47,0
DA:50,0
DA:53,0
DA:56,0
DA:60,0
DA:62,0
DA:63,0
DA:66,0
DA:68,0
DA:69,0
DA:72,0
DA:74,0
DA:75,0
DA:82,0
DA:85,0
DA:87,0
DA:88,0
DA:89,0
DA:90,0
DA:91,0
DA:93,0
DA:94,0
DA:97,0
DA:98,0
DA:102,0
DA:103,0
DA:107,0
DA:108,0
DA:112,0
DA:113,0
DA:116,0
DA:117,0
DA:120,0
DA:121,0
DA:124,0
DA:125,0
DA:128,0
DA:129,0
DA:132,0
DA:133,0
DA:136,0
DA:137,0
DA:146,0
DA:174,0
DA:175,0
DA:177,0
DA:189,0
DA:190,0
DA:191,0
DA:193,0
DA:194,0
DA:196,0
DA:197,0
DA:199,0
DA:200,0
DA:202,0
DA:203,0
DA:205,0
DA:206,0
DA:208,0
DA:209,0
DA:211,0
DA:212,0
DA:216,0
DA:218,0
DA:220,0
DA:221,0
DA:223,0
DA:226,0
DA:227,0
DA:228,0
DA:229,0
DA:230,0
DA:231,0
DA:232,0
DA:233,0
DA:234,0
DA:235,0
DA:236,0
DA:237,0
DA:240,0
DA:242,0
DA:243,0
DA:244,0
DA:245,0
DA:246,0
DA:247,0
DA:248,0
DA:249,0
DA:250,0
DA:251,0
DA:252,0
DA:253,0
DA:254,0
DA:255,0
DA:256,0
DA:257,0
DA:258,0
DA:259,0
DA:260,0
DA:261,0
DA:264,0
DA:266,0
DA:267,0
DA:268,0
DA:269,0
DA:270,0
DA:271,0
DA:272,0
DA:273,0
DA:274,0
DA:275,0
DA:276,0
DA:277,0
DA:278,0
DA:286,0
DA:287,0
DA:290,0
DA:291,0
DA:294,0
DA:295,0
DA:296,0
DA:299,0
DA:300,0
DA:301,0
DA:304,0
DA:305,0
DA:308,0
DA:309,0
DA:312,0
DA:313,0
DA:314,0
DA:317,0
DA:318,0
DA:321,0
DA:322,0
DA:325,0
DA:326,0
DA:329,0
DA:330,0
DA:331,0
DA:332,0
DA:334,0
DA:336,0
DA:337,0
DA:338,0
DA:339,0
DA:340,0
DA:341,0
DA:342,0
DA:343,0
DA:344,0
DA:345,0
DA:346,0
DA:347,0
DA:348,0
DA:349,0
DA:354,0
DA:357,0
DA:359,0
DA:362,0
DA:364,0
DA:367,0
DA:371,0
DA:372,0
DA:373,0
DA:374,0
DA:375,0
DA:376,0
DA:377,0
DA:378,0
DA:379,0
DA:380,0
DA:381,0
DA:382,0
DA:383,0
DA:388,0
DA:390,0
DA:391,0
DA:395,0
LF:186
LH:0
end_of_record
SF:lib\models\state_serializer.dart
DA:15,0
DA:18,0
DA:21,0
DA:24,0
LF:4
LH:0
end_of_record
SF:lib\models\user_feedback.g.dart
DA:31,0
DA:34,0
DA:35,0
DA:37,0
DA:38,0
DA:41,0
DA:43,0
DA:44,0
DA:47,0
DA:49,0
DA:50,0
DA:53,0
DA:55,0
DA:56,0
DA:59,0
DA:61,0
DA:62,0
DA:65,0
DA:67,0
DA:68,0
DA:75,0
DA:78,0
DA:80,0
DA:81,0
DA:82,0
DA:83,0
DA:84,0
DA:86,0
DA:87,0
DA:90,0
DA:91,0
DA:94,0
DA:95,0
DA:98,0
DA:99,0
DA:102,0
DA:103,0
DA:106,0
DA:107,0
DA:113,0
DA:131,0
DA:132,0
DA:134,0
DA:141,0
DA:143,0
DA:145,0
DA:147,0
DA:148,0
DA:150,0
DA:153,0
DA:154,0
DA:155,0
DA:156,0
DA:157,0
DA:158,0
DA:159,0
DA:162,0
DA:164,0
DA:165,0
DA:166,0
DA:167,0
DA:168,0
DA:169,0
DA:170,0
DA:171,0
DA:174,0
DA:176,0
DA:177,0
DA:178,0
DA:179,0
DA:180,0
DA:181,0
DA:182,0
DA:183,0
DA:192,0
DA:193,0
DA:196,0
DA:197,0
DA:200,0
DA:201,0
DA:204,0
DA:205,0
DA:208,0
DA:209,0
DA:212,0
DA:213,0
DA:214,0
DA:216,0
DA:218,0
DA:219,0
DA:220,0
DA:221,0
DA:222,0
DA:223,0
DA:224,0
DA:225,0
DA:226,0
DA:231,0
DA:234,0
DA:236,0
DA:239,0
DA:241,0
DA:244,0
DA:246,0
DA:247,0
DA:248,0
DA:249,0
DA:250,0
DA:251,0
DA:252,0
DA:253,0
DA:254,0
LF:112
LH:0
end_of_record
SF:lib\models\user_feedback.dart
DA:16,0
DA:20,4
LF:2
LH:1
end_of_record
SF:lib\models\user_segment.dart
DA:16,0
LF:1
LH:0
end_of_record
SF:lib\models\user_segment.g.dart
DA:32,0
DA:33,0
DA:35,0
DA:37,0
DA:38,0
DA:39,0
DA:43,0
DA:45,0
DA:47,0
DA:48,0
DA:50,0
DA:53,0
DA:54,0
DA:55,0
DA:56,0
DA:57,0
DA:60,0
DA:62,0
DA:63,0
DA:64,0
DA:65,0
DA:68,0
DA:70,0
DA:71,0
DA:72,0
DA:73,0
DA:74,0
DA:75,0
DA:83,0
DA:84,0
DA:87,0
DA:88,0
DA:91,0
DA:92,0
DA:95,0
DA:96,0
DA:98,0
DA:100,0
DA:101,0
DA:102,0
DA:103,0
DA:104,0
DA:105,0
DA:106,0
DA:111,0
DA:114,0
DA:116,0
DA:119,0
DA:121,0
DA:124,0
DA:126,0
DA:127,0
DA:128,0
DA:129,0
DA:130,0
DA:131,0
DA:132,0
LF:57
LH:0
end_of_record
SF:lib\util\api\api_errors.dart
DA:45,0
DA:47,0
DA:50,0
DA:53,0
DA:54,0
DA:55,0
DA:56,0
DA:57,0
DA:58,0
DA:60,0
DA:61,0
DA:63,0
DA:65,0
DA:67,0
DA:73,0
DA:76,0
DA:77,0
DA:78,0
DA:81,0
DA:82,0
DA:85,0
DA:87,0
DA:88,0
DA:89,0
DA:91,0
DA:92,0
DA:94,0
DA:95,0
DA:97,0
DA:98,0
DA:101,0
DA:112,0
DA:118,0
DA:119,0
DA:122,0
DA:123,0
DA:127,0
DA:128,0
DA:130,0
DA:131,0
DA:135,0
DA:136,0
DA:138,0
DA:139,0
DA:143,0
DA:145,0
DA:147,0
DA:148,0
DA:152,0
DA:153,0
DA:155,0
DA:156,0
LF:52
LH:0
end_of_record
SF:lib\translations.dart
DA:12,0
DA:13,0
DA:14,0
DA:17,0
DA:20,0
DA:26,0
DA:30,0
DA:34,0
DA:35,0
DA:37,0
DA:38,0
LF:11
LH:0
end_of_record
SF:lib\util\API.dart
DA:33,0
DA:40,0
DA:41,0
DA:42,0
DA:43,0
DA:44,0
DA:49,0
DA:50,0
DA:51,0
DA:52,0
DA:53,0
DA:54,0
DA:55,0
DA:57,0
DA:58,0
DA:61,0
DA:63,0
DA:68,0
DA:72,0
DA:73,0
DA:74,0
DA:75,0
DA:76,0
DA:77,0
DA:78,0
DA:80,0
DA:85,0
DA:87,0
DA:89,0
DA:90,0
DA:94,0
DA:95,0
DA:96,0
DA:97,0
DA:98,0
LF:35
LH:0
end_of_record
SF:lib\util\api\homework_api.dart
DA:30,0
DA:31,0
DA:32,0
DA:33,0
DA:34,0
DA:35,0
DA:36,0
DA:38,0
DA:39,0
DA:49,0
DA:52,0
DA:54,0
DA:56,0
DA:57,0
DA:60,0
DA:61,0
DA:62,0
DA:66,0
DA:67,0
DA:70,0
DA:71,0
DA:72,0
DA:73,0
DA:74,0
DA:77,0
DA:78,0
DA:80,0
DA:86,0
DA:87,0
DA:89,0
DA:90,0
DA:91,0
DA:94,0
DA:95,0
DA:98,0
DA:99,0
DA:102,0
DA:103,0
DA:108,0
DA:109,0
DA:110,0
DA:111,0
DA:112,0
DA:118,0
DA:120,0
DA:122,0
DA:123,0
DA:124,0
DA:125,0
DA:126,0
DA:127,0
DA:162,0
DA:163,0
LF:53
LH:0
end_of_record
SF:lib\util\api\user_api.dart
DA:25,0
DA:26,0
DA:29,0
DA:30,0
DA:31,0
DA:32,0
DA:34,0
DA:35,0
DA:37,0
DA:40,0
DA:41,0
DA:42,0
DA:43,0
DA:44,0
DA:47,0
DA:48,0
DA:49,0
DA:50,0
DA:53,0
DA:54,0
DA:58,0
DA:59,0
DA:61,0
DA:62,0
DA:63,0
DA:64,0
DA:66,0
DA:67,0
DA:68,0
DA:73,0
DA:77,0
DA:79,0
DA:80,0
DA:81,0
DA:82,0
DA:83,0
DA:84,0
DA:85,0
DA:86,0
DA:87,0
DA:88,0
DA:90,0
DA:91,0
DA:92,0
DA:94,0
DA:95,0
DA:100,0
DA:103,0
DA:104,0
DA:105,0
DA:106,0
DA:107,0
DA:108,0
DA:109,0
DA:111,0
DA:112,0
DA:114,0
DA:121,0
DA:122,0
DA:124,0
DA:127,0
DA:129,0
DA:130,0
DA:135,0
DA:136,0
DA:140,0
DA:143,0
DA:145,0
DA:148,0
DA:149,0
DA:153,0
DA:155,0
DA:156,0
DA:160,0
DA:166,0
DA:169,0
DA:170,0
LF:77
LH:0
end_of_record
SF:lib\util\cache.dart
DA:37,0
DA:40,0
DA:41,0
DA:43,0
DA:44,0
DA:46,0
DA:47,0
DA:49,0
DA:50,0
DA:52,0
DA:53,0
DA:55,0
DA:56,0
DA:58,0
DA:59,0
DA:61,0
DA:62,0
DA:64,0
DA:66,0
DA:68,0
DA:70,0
DA:72,0
DA:73,0
DA:75,0
DA:77,0
DA:79,0
DA:81,0
DA:87,1
DA:88,2
DA:91,0
DA:93,0
DA:97,0
DA:99,0
DA:102,0
DA:104,0
DA:107,0
DA:109,0
DA:113,0
DA:115,0
DA:118,1
DA:120,2
DA:124,0
DA:126,0
DA:130,0
DA:132,0
DA:135,0
DA:137,0
DA:138,0
DA:141,0
DA:143,0
DA:144,0
DA:147,0
DA:149,0
DA:150,0
DA:153,1
DA:155,2
DA:156,1
DA:159,0
DA:161,0
DA:162,0
LF:60
LH:7
end_of_record
SF:lib\util\holidays\holiday_api.dart
DA:14,1
DA:16,0
DA:18,0
DA:25,1
DA:26,1
DA:27,2
DA:35,1
DA:37,2
DA:39,1
DA:41,2
DA:42,3
DA:44,2
DA:45,1
DA:46,1
DA:47,2
DA:54,1
DA:56,4
DA:57,1
DA:58,1
DA:83,1
DA:84,1
DA:85,3
DA:86,2
DA:87,2
DA:88,1
DA:89,2
DA:92,1
DA:93,2
DA:97,1
DA:98,3
DA:99,1
DA:101,0
DA:106,2
LF:33
LH:30
end_of_record
SF:lib\util\holidays\holiday_cache.dart
DA:14,1
DA:15,3
DA:18,1
DA:21,3
DA:22,3
DA:23,1
DA:24,2
DA:25,3
DA:28,3
DA:29,2
DA:30,2
DA:31,2
DA:33,4
DA:35,1
DA:38,1
DA:40,5
DA:43,1
DA:44,2
DA:54,1
DA:55,1
DA:56,1
LF:21
LH:21
end_of_record
SF:lib\models\serializers.g.dart
DA:36,2
DA:40,0
LF:2
LH:1
end_of_record
